<?xml version="1.0" encoding="UTF-8"?>
<testng-results ignored="0" total="2" passed="2" failed="0" skipped="0">
  <reporter-output>
    <line>
      <![CDATA[openBrowser]]>
    </line>
    <line>
      <![CDATA[login]]>
    </line>
    <line>
      <![CDATA[createCustomer has got passed]]>
    </line>
    <line>
      <![CDATA[logout]]>
    </line>
    <line>
      <![CDATA[login]]>
    </line>
    <line>
      <![CDATA[deleteCustomer has got passed]]>
    </line>
    <line>
      <![CDATA[logout]]>
    </line>
    <line>
      <![CDATA[closedBrowser]]>
    </line>
  </reporter-output>
  <suite started-at="2023-10-10T11:47:48 IST" name="Suite" finished-at="2023-10-10T11:48:12 IST" duration-ms="24061">
    <groups>
    </groups>
    <test started-at="2023-10-10T11:47:48 IST" name="Test" finished-at="2023-10-10T11:48:12 IST" duration-ms="24061">
      <class name="com.actitime.testscript.CustomerModule">
        <test-method is-config="true" signature="openBrowser()[pri:0, instance:com.actitime.testscript.CustomerModule@175c2241]" started-at="2023-10-10T11:47:48 IST" name="openBrowser" finished-at="2023-10-10T11:48:00 IST" duration-ms="11715" status="PASS">
          <reporter-output>
            <line>
              <![CDATA[openBrowser]]>
            </line>
          </reporter-output>
        </test-method> <!-- openBrowser -->
        <test-method is-config="true" signature="login()[pri:0, instance:com.actitime.testscript.CustomerModule@175c2241]" started-at="2023-10-10T11:48:00 IST" name="login" finished-at="2023-10-10T11:48:00 IST" duration-ms="279" status="PASS">
          <reporter-output>
            <line>
              <![CDATA[login]]>
            </line>
          </reporter-output>
        </test-method> <!-- login -->
        <test-method signature="createCustomer()[pri:1, instance:com.actitime.testscript.CustomerModule@175c2241]" started-at="2023-10-10T11:48:00 IST" name="createCustomer" finished-at="2023-10-10T11:48:00 IST" duration-ms="9" status="PASS">
          <reporter-output>
            <line>
              <![CDATA[createCustomer has got passed]]>
            </line>
          </reporter-output>
        </test-method> <!-- createCustomer -->
        <test-method is-config="true" signature="logout()[pri:0, instance:com.actitime.testscript.CustomerModule@175c2241]" started-at="2023-10-10T11:48:00 IST" name="logout" finished-at="2023-10-10T11:48:07 IST" duration-ms="6775" status="PASS">
          <reporter-output>
            <line>
              <![CDATA[logout]]>
            </line>
          </reporter-output>
        </test-method> <!-- logout -->
        <test-method is-config="true" signature="login()[pri:0, instance:com.actitime.testscript.CustomerModule@175c2241]" started-at="2023-10-10T11:48:07 IST" name="login" finished-at="2023-10-10T11:48:07 IST" duration-ms="163" status="PASS">
          <reporter-output>
            <line>
              <![CDATA[login]]>
            </line>
          </reporter-output>
        </test-method> <!-- login -->
        <test-method signature="deleteCustomer()[pri:2, instance:com.actitime.testscript.CustomerModule@175c2241]" started-at="2023-10-10T11:48:07 IST" name="deleteCustomer" finished-at="2023-10-10T11:48:07 IST" duration-ms="1" status="PASS">
          <reporter-output>
            <line>
              <![CDATA[deleteCustomer has got passed]]>
            </line>
          </reporter-output>
        </test-method> <!-- deleteCustomer -->
        <test-method is-config="true" signature="logout()[pri:0, instance:com.actitime.testscript.CustomerModule@175c2241]" started-at="2023-10-10T11:48:07 IST" name="logout" finished-at="2023-10-10T11:48:12 IST" duration-ms="4881" status="PASS">
          <reporter-output>
            <line>
              <![CDATA[logout]]>
            </line>
          </reporter-output>
        </test-method> <!-- logout -->
        <test-method is-config="true" signature="closedBrowser()[pri:0, instance:com.actitime.testscript.CustomerModule@175c2241]" started-at="2023-10-10T11:48:12 IST" name="closedBrowser" finished-at="2023-10-10T11:48:12 IST" duration-ms="189" status="PASS">
          <reporter-output>
            <line>
              <![CDATA[closedBrowser]]>
            </line>
          </reporter-output>
        </test-method> <!-- closedBrowser -->
      </class> <!-- com.actitime.testscript.CustomerModule -->
    </test> <!-- Test -->
  </suite> <!-- Suite -->
</testng-results>
